<?xml version="1.0" encoding="UTF-8"?>
<testng-results skipped="0" failed="0" ignored="0" total="1" passed="1">
  <reporter-output>
  </reporter-output>
  <suite name="Default suite" duration-ms="41207" started-at="2017-06-25T12:25:01Z" finished-at="2017-06-25T12:25:42Z">
    <groups>
    </groups>
    <test name="Default test" duration-ms="41207" started-at="2017-06-25T12:25:01Z" finished-at="2017-06-25T12:25:42Z">
      <class name="com.Git.com.EGIT.robot_upload">
        <test-method status="PASS" signature="upload()[pri:0, instance:com.Git.com.EGIT.robot_upload@29774679]" name="upload" duration-ms="41171" started-at="2017-06-25T17:55:01Z" finished-at="2017-06-25T17:55:42Z">
          <reporter-output>
          </reporter-output>
        </test-method> <!-- upload -->
      </class> <!-- com.Git.com.EGIT.robot_upload -->
    </test> <!-- Default test -->
  </suite> <!-- Default suite -->
</testng-results>
