<?xml version="1.0" encoding="UTF-8"?>
<testng-results skipped="0" failed="0" ignored="0" total="1" passed="1">
  <reporter-output>
  </reporter-output>
  <suite name="Command line suite" duration-ms="23312" started-at="2017-07-05T10:35:49Z" finished-at="2017-07-05T10:36:13Z">
    <groups>
    </groups>
    <test name="Command line test" duration-ms="23312" started-at="2017-07-05T10:35:49Z" finished-at="2017-07-05T10:36:13Z">
      <class name="com.Git.com.EGIT.TestNaukri">
        <test-method status="PASS" signature="TestPopUp()[pri:0, instance:com.Git.com.EGIT.TestNaukri@61a485d2]" name="TestPopUp" duration-ms="23277" started-at="2017-07-05T10:35:49Z" finished-at="2017-07-05T10:36:13Z">
          <reporter-output>
          </reporter-output>
        </test-method> <!-- TestPopUp -->
      </class> <!-- com.Git.com.EGIT.TestNaukri -->
    </test> <!-- Command line test -->
  </suite> <!-- Command line suite -->
</testng-results>
