<?xml version="1.0" encoding="UTF-8"?>
<!-- Generated by org.testng.reporters.JUnitXMLReporter -->
<testsuite hostname="AKSAINI-AT37S" ignored="0" name="Test" tests="12" failures="0" timestamp="05 Jul 2017 13:08:50 GMT" time="386.982" errors="0">
  <testcase name="TestPopUp" time="34.755" classname="com.Git.com.EGIT.TestNaukri"/>
  <testcase name="cookies" time="16.788" classname="com.Git.com.EGIT.addcookies"/>
  <testcase name="dragNdrop" time="23.341" classname="com.Git.com.EGIT.drag_drop"/>
  <testcase name="testApp" time="0.004" classname="com.Git.com.EGIT.AppTest"/>
  <testcase name="upload" time="46.313" classname="com.Git.com.EGIT.robot_upload"/>
  <testcase name="frames" time="14.497" classname="com.Git.com.EGIT.iframes"/>
  <testcase name="Bootstrapfun" time="50.263" classname="com.Git.com.EGIT.BootStrap"/>
  <testcase name="alerts" time="42.061" classname="com.Git.com.EGIT.alert"/>
  <testcase name="multiplewindows" time="16.167" classname="com.Git.com.EGIT.multiplewindow"/>
  <testcase name="chorme" time="19.399" classname="com.Git.com.EGIT.Chrome"/>
  <testcase name="allwait" time="73.298" classname="com.Git.com.EGIT.wait"/>
  <testcase name="robots" time="50.059" classname="com.Git.com.EGIT.robot"/>
</testsuite> <!-- Test -->
