<?xml version="1.0" encoding="UTF-8"?>
<testng-results skipped="0" failed="0" total="1" passed="1">
  <reporter-output>
  </reporter-output>
  <suite name="Default suite" duration-ms="22642" started-at="2017-07-14T11:20:14Z" finished-at="2017-07-14T11:20:37Z">
    <groups>
    </groups>
    <test name="Default test" duration-ms="22642" started-at="2017-07-14T11:20:14Z" finished-at="2017-07-14T11:20:37Z">
      <class name="com.Git.com.EGIT.robot">
        <test-method status="PASS" signature="robots()[pri:0, instance:com.Git.com.EGIT.robot@5442a311]" name="robots" duration-ms="22606" started-at="2017-07-14T16:50:14Z" finished-at="2017-07-14T16:50:37Z">
          <reporter-output>
          </reporter-output>
        </test-method> <!-- robots -->
      </class> <!-- com.Git.com.EGIT.robot -->
    </test> <!-- Default test -->
  </suite> <!-- Default suite -->
</testng-results>
